ERROR - 2025-06-26 11:48:44 --> mysqli_sql_exception: Unknown column 'ip_address' in 'field list' in C:\xampp\htdocs\rewardSystem\vendor\codeigniter4\framework\system\Database\MySQLi\Connection.php:327
Stack trace:
#0 C:\xampp\htdocs\rewardSystem\vendor\codeigniter4\framework\system\Database\MySQLi\Connection.php(327): mysqli->query('INSERT INTO `cu...', 0)
#1 C:\xampp\htdocs\rewardSystem\vendor\codeigniter4\framework\system\Database\BaseConnection.php(738): CodeIgniter\Database\MySQLi\Connection->execute('INSERT INTO `cu...')
#2 C:\xampp\htdocs\rewardSystem\vendor\codeigniter4\framework\system\Database\BaseConnection.php(652): CodeIgniter\Database\BaseConnection->simpleQuery('INSERT INTO `cu...')
#3 C:\xampp\htdocs\rewardSystem\vendor\codeigniter4\framework\system\Database\BaseBuilder.php(2345): CodeIgniter\Database\BaseConnection->query('INSERT INTO `cu...', Array, false)
#4 C:\xampp\htdocs\rewardSystem\app\Models\CustomerModel.php(467): CodeIgniter\Database\BaseBuilder->insert(Array)
#5 C:\xampp\htdocs\rewardSystem\app\Models\CustomerModel.php(390): App\Models\CustomerModel->logPasswordChange(1, 1, 'Password change...')
#6 C:\xampp\htdocs\rewardSystem\app\Controllers\Admin\CustomersController.php(353): App\Models\CustomerModel->changePassword(1, '11272003', 1, 'Password change...')
#7 C:\xampp\htdocs\rewardSystem\vendor\codeigniter4\framework\system\CodeIgniter.php(933): App\Controllers\Admin\CustomersController->changePassword('1')
#8 C:\xampp\htdocs\rewardSystem\vendor\codeigniter4\framework\system\CodeIgniter.php(507): CodeIgniter\CodeIgniter->runController(Object(App\Controllers\Admin\CustomersController))
#9 C:\xampp\htdocs\rewardSystem\vendor\codeigniter4\framework\system\CodeIgniter.php(354): CodeIgniter\CodeIgniter->handleRequest(NULL, Object(Config\Cache), false)
#10 C:\xampp\htdocs\rewardSystem\vendor\codeigniter4\framework\system\Boot.php(334): CodeIgniter\CodeIgniter->run()
#11 C:\xampp\htdocs\rewardSystem\vendor\codeigniter4\framework\system\Boot.php(67): CodeIgniter\Boot::runCodeIgniter(Object(CodeIgniter\CodeIgniter))
#12 C:\xampp\htdocs\rewardSystem\public\index.php(59): CodeIgniter\Boot::bootWeb(Object(Config\Paths))
#13 {main}
ERROR - 2025-06-26 11:48:44 --> Failed to log password change: Unknown column 'ip_address' in 'field list'
ERROR - 2025-06-26 11:49:41 --> mysqli_sql_exception: Unknown column 'ip_address' in 'field list' in C:\xampp\htdocs\rewardSystem\vendor\codeigniter4\framework\system\Database\MySQLi\Connection.php:327
Stack trace:
#0 C:\xampp\htdocs\rewardSystem\vendor\codeigniter4\framework\system\Database\MySQLi\Connection.php(327): mysqli->query('INSERT INTO `cu...', 0)
#1 C:\xampp\htdocs\rewardSystem\vendor\codeigniter4\framework\system\Database\BaseConnection.php(738): CodeIgniter\Database\MySQLi\Connection->execute('INSERT INTO `cu...')
#2 C:\xampp\htdocs\rewardSystem\vendor\codeigniter4\framework\system\Database\BaseConnection.php(652): CodeIgniter\Database\BaseConnection->simpleQuery('INSERT INTO `cu...')
#3 C:\xampp\htdocs\rewardSystem\vendor\codeigniter4\framework\system\Database\BaseBuilder.php(2345): CodeIgniter\Database\BaseConnection->query('INSERT INTO `cu...', Array, false)
#4 C:\xampp\htdocs\rewardSystem\app\Models\CustomerModel.php(467): CodeIgniter\Database\BaseBuilder->insert(Array)
#5 C:\xampp\htdocs\rewardSystem\app\Models\CustomerModel.php(390): App\Models\CustomerModel->logPasswordChange(1, 1, 'Quick password ...')
#6 C:\xampp\htdocs\rewardSystem\app\Models\CustomerModel.php(413): App\Models\CustomerModel->changePassword(1, '2hQorwo1', 1, 'Quick password ...')
#7 C:\xampp\htdocs\rewardSystem\app\Controllers\Admin\CustomersController.php(401): App\Models\CustomerModel->generateRandomPassword(1, 1, 'Quick password ...', 8)
#8 C:\xampp\htdocs\rewardSystem\vendor\codeigniter4\framework\system\CodeIgniter.php(933): App\Controllers\Admin\CustomersController->generatePassword('1')
#9 C:\xampp\htdocs\rewardSystem\vendor\codeigniter4\framework\system\CodeIgniter.php(507): CodeIgniter\CodeIgniter->runController(Object(App\Controllers\Admin\CustomersController))
#10 C:\xampp\htdocs\rewardSystem\vendor\codeigniter4\framework\system\CodeIgniter.php(354): CodeIgniter\CodeIgniter->handleRequest(NULL, Object(Config\Cache), false)
#11 C:\xampp\htdocs\rewardSystem\vendor\codeigniter4\framework\system\Boot.php(334): CodeIgniter\CodeIgniter->run()
#12 C:\xampp\htdocs\rewardSystem\vendor\codeigniter4\framework\system\Boot.php(67): CodeIgniter\Boot::runCodeIgniter(Object(CodeIgniter\CodeIgniter))
#13 C:\xampp\htdocs\rewardSystem\public\index.php(59): CodeIgniter\Boot::bootWeb(Object(Config\Paths))
#14 {main}
ERROR - 2025-06-26 11:49:41 --> Failed to log password change: Unknown column 'ip_address' in 'field list'
ERROR - 2025-06-26 11:50:22 --> mysqli_sql_exception: Unknown column 'ip_address' in 'field list' in C:\xampp\htdocs\rewardSystem\vendor\codeigniter4\framework\system\Database\MySQLi\Connection.php:327
Stack trace:
#0 C:\xampp\htdocs\rewardSystem\vendor\codeigniter4\framework\system\Database\MySQLi\Connection.php(327): mysqli->query('INSERT INTO `cu...', 0)
#1 C:\xampp\htdocs\rewardSystem\vendor\codeigniter4\framework\system\Database\BaseConnection.php(738): CodeIgniter\Database\MySQLi\Connection->execute('INSERT INTO `cu...')
#2 C:\xampp\htdocs\rewardSystem\vendor\codeigniter4\framework\system\Database\BaseConnection.php(652): CodeIgniter\Database\BaseConnection->simpleQuery('INSERT INTO `cu...')
#3 C:\xampp\htdocs\rewardSystem\vendor\codeigniter4\framework\system\Database\BaseBuilder.php(2345): CodeIgniter\Database\BaseConnection->query('INSERT INTO `cu...', Array, false)
#4 C:\xampp\htdocs\rewardSystem\app\Models\CustomerModel.php(467): CodeIgniter\Database\BaseBuilder->insert(Array)
#5 C:\xampp\htdocs\rewardSystem\app\Models\CustomerModel.php(390): App\Models\CustomerModel->logPasswordChange(1, 1, 'Password change...')
#6 C:\xampp\htdocs\rewardSystem\app\Controllers\Admin\CustomersController.php(353): App\Models\CustomerModel->changePassword(1, '11272003', 1, 'Password change...')
#7 C:\xampp\htdocs\rewardSystem\vendor\codeigniter4\framework\system\CodeIgniter.php(933): App\Controllers\Admin\CustomersController->changePassword('1')
#8 C:\xampp\htdocs\rewardSystem\vendor\codeigniter4\framework\system\CodeIgniter.php(507): CodeIgniter\CodeIgniter->runController(Object(App\Controllers\Admin\CustomersController))
#9 C:\xampp\htdocs\rewardSystem\vendor\codeigniter4\framework\system\CodeIgniter.php(354): CodeIgniter\CodeIgniter->handleRequest(NULL, Object(Config\Cache), false)
#10 C:\xampp\htdocs\rewardSystem\vendor\codeigniter4\framework\system\Boot.php(334): CodeIgniter\CodeIgniter->run()
#11 C:\xampp\htdocs\rewardSystem\vendor\codeigniter4\framework\system\Boot.php(67): CodeIgniter\Boot::runCodeIgniter(Object(CodeIgniter\CodeIgniter))
#12 C:\xampp\htdocs\rewardSystem\public\index.php(59): CodeIgniter\Boot::bootWeb(Object(Config\Paths))
#13 {main}
ERROR - 2025-06-26 11:50:22 --> Failed to log password change: Unknown column 'ip_address' in 'field list'
ERROR - 2025-06-26 12:14:38 --> mysqli_sql_exception: Unknown column 'ip_address' in 'field list' in C:\xampp\htdocs\rewardSystem\vendor\codeigniter4\framework\system\Database\MySQLi\Connection.php:327
Stack trace:
#0 C:\xampp\htdocs\rewardSystem\vendor\codeigniter4\framework\system\Database\MySQLi\Connection.php(327): mysqli->query('INSERT INTO `cu...', 0)
#1 C:\xampp\htdocs\rewardSystem\vendor\codeigniter4\framework\system\Database\BaseConnection.php(738): CodeIgniter\Database\MySQLi\Connection->execute('INSERT INTO `cu...')
#2 C:\xampp\htdocs\rewardSystem\vendor\codeigniter4\framework\system\Database\BaseConnection.php(652): CodeIgniter\Database\BaseConnection->simpleQuery('INSERT INTO `cu...')
#3 C:\xampp\htdocs\rewardSystem\vendor\codeigniter4\framework\system\Database\BaseBuilder.php(2345): CodeIgniter\Database\BaseConnection->query('INSERT INTO `cu...', Array, false)
#4 C:\xampp\htdocs\rewardSystem\app\Models\CustomerModel.php(468): CodeIgniter\Database\BaseBuilder->insert(Array)
#5 C:\xampp\htdocs\rewardSystem\app\Models\CustomerModel.php(391): App\Models\CustomerModel->logPasswordChange(1, 1, 'Password change...')
#6 C:\xampp\htdocs\rewardSystem\app\Controllers\Admin\CustomersController.php(357): App\Models\CustomerModel->changePassword(1, '11272003', 1, 'Password change...')
#7 C:\xampp\htdocs\rewardSystem\vendor\codeigniter4\framework\system\CodeIgniter.php(933): App\Controllers\Admin\CustomersController->changePassword('1')
#8 C:\xampp\htdocs\rewardSystem\vendor\codeigniter4\framework\system\CodeIgniter.php(507): CodeIgniter\CodeIgniter->runController(Object(App\Controllers\Admin\CustomersController))
#9 C:\xampp\htdocs\rewardSystem\vendor\codeigniter4\framework\system\CodeIgniter.php(354): CodeIgniter\CodeIgniter->handleRequest(NULL, Object(Config\Cache), false)
#10 C:\xampp\htdocs\rewardSystem\vendor\codeigniter4\framework\system\Boot.php(334): CodeIgniter\CodeIgniter->run()
#11 C:\xampp\htdocs\rewardSystem\vendor\codeigniter4\framework\system\Boot.php(67): CodeIgniter\Boot::runCodeIgniter(Object(CodeIgniter\CodeIgniter))
#12 C:\xampp\htdocs\rewardSystem\public\index.php(59): CodeIgniter\Boot::bootWeb(Object(Config\Paths))
#13 {main}
ERROR - 2025-06-26 12:14:38 --> Failed to log password change: Unknown column 'ip_address' in 'field list'
ERROR - 2025-06-26 12:19:42 --> mysqli_sql_exception: Unknown column 'ip_address' in 'field list' in C:\xampp\htdocs\rewardSystem\vendor\codeigniter4\framework\system\Database\MySQLi\Connection.php:327
Stack trace:
#0 C:\xampp\htdocs\rewardSystem\vendor\codeigniter4\framework\system\Database\MySQLi\Connection.php(327): mysqli->query('INSERT INTO `cu...', 0)
#1 C:\xampp\htdocs\rewardSystem\vendor\codeigniter4\framework\system\Database\BaseConnection.php(738): CodeIgniter\Database\MySQLi\Connection->execute('INSERT INTO `cu...')
#2 C:\xampp\htdocs\rewardSystem\vendor\codeigniter4\framework\system\Database\BaseConnection.php(652): CodeIgniter\Database\BaseConnection->simpleQuery('INSERT INTO `cu...')
#3 C:\xampp\htdocs\rewardSystem\vendor\codeigniter4\framework\system\Database\BaseBuilder.php(2345): CodeIgniter\Database\BaseConnection->query('INSERT INTO `cu...', Array, false)
#4 C:\xampp\htdocs\rewardSystem\app\Models\CustomerModel.php(468): CodeIgniter\Database\BaseBuilder->insert(Array)
#5 C:\xampp\htdocs\rewardSystem\app\Models\CustomerModel.php(391): App\Models\CustomerModel->logPasswordChange(1, 1, 'Password change...')
#6 C:\xampp\htdocs\rewardSystem\app\Controllers\Admin\CustomersController.php(357): App\Models\CustomerModel->changePassword(1, '11111111', 1, 'Password change...')
#7 C:\xampp\htdocs\rewardSystem\vendor\codeigniter4\framework\system\CodeIgniter.php(933): App\Controllers\Admin\CustomersController->changePassword('1')
#8 C:\xampp\htdocs\rewardSystem\vendor\codeigniter4\framework\system\CodeIgniter.php(507): CodeIgniter\CodeIgniter->runController(Object(App\Controllers\Admin\CustomersController))
#9 C:\xampp\htdocs\rewardSystem\vendor\codeigniter4\framework\system\CodeIgniter.php(354): CodeIgniter\CodeIgniter->handleRequest(NULL, Object(Config\Cache), false)
#10 C:\xampp\htdocs\rewardSystem\vendor\codeigniter4\framework\system\Boot.php(334): CodeIgniter\CodeIgniter->run()
#11 C:\xampp\htdocs\rewardSystem\vendor\codeigniter4\framework\system\Boot.php(67): CodeIgniter\Boot::runCodeIgniter(Object(CodeIgniter\CodeIgniter))
#12 C:\xampp\htdocs\rewardSystem\public\index.php(59): CodeIgniter\Boot::bootWeb(Object(Config\Paths))
#13 {main}
ERROR - 2025-06-26 12:19:42 --> Failed to log password change: Unknown column 'ip_address' in 'field list'
ERROR - 2025-06-26 12:30:07 --> mysqli_sql_exception: Unknown column 'ip_address' in 'field list' in C:\xampp\htdocs\rewardSystem\vendor\codeigniter4\framework\system\Database\MySQLi\Connection.php:327
Stack trace:
#0 C:\xampp\htdocs\rewardSystem\vendor\codeigniter4\framework\system\Database\MySQLi\Connection.php(327): mysqli->query('INSERT INTO `cu...', 0)
#1 C:\xampp\htdocs\rewardSystem\vendor\codeigniter4\framework\system\Database\BaseConnection.php(738): CodeIgniter\Database\MySQLi\Connection->execute('INSERT INTO `cu...')
#2 C:\xampp\htdocs\rewardSystem\vendor\codeigniter4\framework\system\Database\BaseConnection.php(652): CodeIgniter\Database\BaseConnection->simpleQuery('INSERT INTO `cu...')
#3 C:\xampp\htdocs\rewardSystem\vendor\codeigniter4\framework\system\Database\BaseBuilder.php(2345): CodeIgniter\Database\BaseConnection->query('INSERT INTO `cu...', Array, false)
#4 C:\xampp\htdocs\rewardSystem\app\Models\CustomerModel.php(468): CodeIgniter\Database\BaseBuilder->insert(Array)
#5 C:\xampp\htdocs\rewardSystem\app\Models\CustomerModel.php(391): App\Models\CustomerModel->logPasswordChange(1, 1, 'Quick password ...')
#6 C:\xampp\htdocs\rewardSystem\app\Controllers\Admin\CustomersController.php(357): App\Models\CustomerModel->changePassword(1, '11272003', 1, 'Quick password ...')
#7 C:\xampp\htdocs\rewardSystem\vendor\codeigniter4\framework\system\CodeIgniter.php(933): App\Controllers\Admin\CustomersController->changePassword('1')
#8 C:\xampp\htdocs\rewardSystem\vendor\codeigniter4\framework\system\CodeIgniter.php(507): CodeIgniter\CodeIgniter->runController(Object(App\Controllers\Admin\CustomersController))
#9 C:\xampp\htdocs\rewardSystem\vendor\codeigniter4\framework\system\CodeIgniter.php(354): CodeIgniter\CodeIgniter->handleRequest(NULL, Object(Config\Cache), false)
#10 C:\xampp\htdocs\rewardSystem\vendor\codeigniter4\framework\system\Boot.php(334): CodeIgniter\CodeIgniter->run()
#11 C:\xampp\htdocs\rewardSystem\vendor\codeigniter4\framework\system\Boot.php(67): CodeIgniter\Boot::runCodeIgniter(Object(CodeIgniter\CodeIgniter))
#12 C:\xampp\htdocs\rewardSystem\public\index.php(59): CodeIgniter\Boot::bootWeb(Object(Config\Paths))
#13 {main}
ERROR - 2025-06-26 12:30:07 --> Failed to log password change: Unknown column 'ip_address' in 'field list'
ERROR - 2025-06-26 12:30:50 --> mysqli_sql_exception: Unknown column 'ip_address' in 'field list' in C:\xampp\htdocs\rewardSystem\vendor\codeigniter4\framework\system\Database\MySQLi\Connection.php:327
Stack trace:
#0 C:\xampp\htdocs\rewardSystem\vendor\codeigniter4\framework\system\Database\MySQLi\Connection.php(327): mysqli->query('INSERT INTO `cu...', 0)
#1 C:\xampp\htdocs\rewardSystem\vendor\codeigniter4\framework\system\Database\BaseConnection.php(738): CodeIgniter\Database\MySQLi\Connection->execute('INSERT INTO `cu...')
#2 C:\xampp\htdocs\rewardSystem\vendor\codeigniter4\framework\system\Database\BaseConnection.php(652): CodeIgniter\Database\BaseConnection->simpleQuery('INSERT INTO `cu...')
#3 C:\xampp\htdocs\rewardSystem\vendor\codeigniter4\framework\system\Database\BaseBuilder.php(2345): CodeIgniter\Database\BaseConnection->query('INSERT INTO `cu...', Array, false)
#4 C:\xampp\htdocs\rewardSystem\app\Models\CustomerModel.php(468): CodeIgniter\Database\BaseBuilder->insert(Array)
#5 C:\xampp\htdocs\rewardSystem\app\Models\CustomerModel.php(391): App\Models\CustomerModel->logPasswordChange(1, 1, 'Password change...')
#6 C:\xampp\htdocs\rewardSystem\app\Controllers\Admin\CustomersController.php(357): App\Models\CustomerModel->changePassword(1, '11271127', 1, 'Password change...')
#7 C:\xampp\htdocs\rewardSystem\vendor\codeigniter4\framework\system\CodeIgniter.php(933): App\Controllers\Admin\CustomersController->changePassword('1')
#8 C:\xampp\htdocs\rewardSystem\vendor\codeigniter4\framework\system\CodeIgniter.php(507): CodeIgniter\CodeIgniter->runController(Object(App\Controllers\Admin\CustomersController))
#9 C:\xampp\htdocs\rewardSystem\vendor\codeigniter4\framework\system\CodeIgniter.php(354): CodeIgniter\CodeIgniter->handleRequest(NULL, Object(Config\Cache), false)
#10 C:\xampp\htdocs\rewardSystem\vendor\codeigniter4\framework\system\Boot.php(334): CodeIgniter\CodeIgniter->run()
#11 C:\xampp\htdocs\rewardSystem\vendor\codeigniter4\framework\system\Boot.php(67): CodeIgniter\Boot::runCodeIgniter(Object(CodeIgniter\CodeIgniter))
#12 C:\xampp\htdocs\rewardSystem\public\index.php(59): CodeIgniter\Boot::bootWeb(Object(Config\Paths))
#13 {main}
ERROR - 2025-06-26 12:30:50 --> Failed to log password change: Unknown column 'ip_address' in 'field list'
