ERROR - 2025-10-13 15:55:11 --> Error connecting to the database: mysqli_sql_exception: No such file or directory in /Applications/MAMP/htdocs/rewardSystem/vendor/codeigniter4/framework/system/Database/MySQLi/Connection.php:201
Stack trace:
#0 /Applications/MAMP/htdocs/rewardSystem/vendor/codeigniter4/framework/system/Database/MySQLi/Connection.php(201): mysqli->real_connect('localhost', 'dailycheckin', Object(SensitiveParameterValue), 'dailycheckin', 3306, '', 0)
#1 /Applications/MAMP/htdocs/rewardSystem/vendor/codeigniter4/framework/system/Database/BaseConnection.php(421): CodeIgniter\Database\MySQLi\Connection->connect(false)
#2 /Applications/MAMP/htdocs/rewardSystem/vendor/codeigniter4/framework/system/Database/BaseConnection.php(620): CodeIgniter\Database\BaseConnection->initialize()
#3 /Applications/MAMP/htdocs/rewardSystem/vendor/codeigniter4/framework/system/Database/BaseConnection.php(1525): CodeIgniter\Database\BaseConnection->query('SHOW TABLES FRO...')
#4 /Applications/MAMP/htdocs/rewardSystem/vendor/codeigniter4/framework/system/Commands/Database/ShowTableInfo.php(121): CodeIgniter\Database\BaseConnection->listTables()
#5 /Applications/MAMP/htdocs/rewardSystem/vendor/codeigniter4/framework/system/CLI/Commands.php(74): CodeIgniter\Commands\Database\ShowTableInfo->run(Array)
#6 /Applications/MAMP/htdocs/rewardSystem/vendor/codeigniter4/framework/system/CLI/Console.php(47): CodeIgniter\CLI\Commands->run('db:table', Array)
#7 /Applications/MAMP/htdocs/rewardSystem/vendor/codeigniter4/framework/system/Boot.php(360): CodeIgniter\CLI\Console->run()
#8 /Applications/MAMP/htdocs/rewardSystem/vendor/codeigniter4/framework/system/Boot.php(104): CodeIgniter\Boot::runCommand(Object(CodeIgniter\CLI\Console))
#9 /Applications/MAMP/htdocs/rewardSystem/spark(87): CodeIgniter\Boot::bootSpark(Object(Config\Paths))
#10 {main}

Next CodeIgniter\Database\Exceptions\DatabaseException: No such file or directory in /Applications/MAMP/htdocs/rewardSystem/vendor/codeigniter4/framework/system/Database/MySQLi/Connection.php:246
Stack trace:
#0 /Applications/MAMP/htdocs/rewardSystem/vendor/codeigniter4/framework/system/Database/BaseConnection.php(421): CodeIgniter\Database\MySQLi\Connection->connect(false)
#1 /Applications/MAMP/htdocs/rewardSystem/vendor/codeigniter4/framework/system/Database/BaseConnection.php(620): CodeIgniter\Database\BaseConnection->initialize()
#2 /Applications/MAMP/htdocs/rewardSystem/vendor/codeigniter4/framework/system/Database/BaseConnection.php(1525): CodeIgniter\Database\BaseConnection->query('SHOW TABLES FRO...')
#3 /Applications/MAMP/htdocs/rewardSystem/vendor/codeigniter4/framework/system/Commands/Database/ShowTableInfo.php(121): CodeIgniter\Database\BaseConnection->listTables()
#4 /Applications/MAMP/htdocs/rewardSystem/vendor/codeigniter4/framework/system/CLI/Commands.php(74): CodeIgniter\Commands\Database\ShowTableInfo->run(Array)
#5 /Applications/MAMP/htdocs/rewardSystem/vendor/codeigniter4/framework/system/CLI/Console.php(47): CodeIgniter\CLI\Commands->run('db:table', Array)
#6 /Applications/MAMP/htdocs/rewardSystem/vendor/codeigniter4/framework/system/Boot.php(360): CodeIgniter\CLI\Console->run()
#7 /Applications/MAMP/htdocs/rewardSystem/vendor/codeigniter4/framework/system/Boot.php(104): CodeIgniter\Boot::runCommand(Object(CodeIgniter\CLI\Console))
#8 /Applications/MAMP/htdocs/rewardSystem/spark(87): CodeIgniter\Boot::bootSpark(Object(Config\Paths))
#9 {main}
CRITICAL - 2025-10-13 15:55:11 --> CodeIgniter\Database\Exceptions\DatabaseException: Unable to connect to the database.
Main connection [MySQLi]: No such file or directory
[Method: CLI, Route: db:table/users]
in SYSTEMPATH/Database/BaseConnection.php on line 467.
 1 SYSTEMPATH/Database/BaseConnection.php(620): CodeIgniter\Database\BaseConnection->initialize()
 2 SYSTEMPATH/Database/BaseConnection.php(1525): CodeIgniter\Database\BaseConnection->query('SHOW TABLES FROM `dailycheckin`')
 3 SYSTEMPATH/Commands/Database/ShowTableInfo.php(121): CodeIgniter\Database\BaseConnection->listTables()
 4 SYSTEMPATH/CLI/Commands.php(74): CodeIgniter\Commands\Database\ShowTableInfo->run([...])
 5 SYSTEMPATH/CLI/Console.php(47): CodeIgniter\CLI\Commands->run('db:table', [...])
 6 SYSTEMPATH/Boot.php(360): CodeIgniter\CLI\Console->run()
 7 SYSTEMPATH/Boot.php(104): CodeIgniter\Boot::runCommand(Object(CodeIgniter\CLI\Console))
 8 ROOTPATH/spark(87): CodeIgniter\Boot::bootSpark(Object(Config\Paths))
